<?xml version="1.0" encoding="UTF-8"?>
<testng-results ignored="0" total="2" passed="2" failed="0" skipped="0">
  <reporter-output>
  </reporter-output>
  <suite started-at="2024-07-30T22:19:10 IST" name="Default suite" finished-at="2024-07-30T22:19:11 IST" duration-ms="654">
    <groups>
    </groups>
    <test started-at="2024-07-30T22:19:10 IST" name="Default test" finished-at="2024-07-30T22:19:11 IST" duration-ms="654">
      <class name="test.UserDAOTest">
        <test-method signature="testGetUserById()[pri:0, instance:test.UserDAOTest@120f102b]" started-at="2024-07-30T22:19:10 IST" name="testGetUserById" finished-at="2024-07-30T22:19:11 IST" duration-ms="556" status="PASS">
          <reporter-output>
          </reporter-output>
        </test-method> <!-- testGetUserById -->
        <test-method signature="testGetUserByName()[pri:0, instance:test.UserDAOTest@120f102b]" started-at="2024-07-30T22:19:11 IST" name="testGetUserByName" finished-at="2024-07-30T22:19:11 IST" duration-ms="53" status="PASS">
          <reporter-output>
          </reporter-output>
        </test-method> <!-- testGetUserByName -->
      </class> <!-- test.UserDAOTest -->
    </test> <!-- Default test -->
  </suite> <!-- Default suite -->
</testng-results>
